Command line:
   TB_ProyectoContador_isim_beh.exe
     -simmode  gui
     -simrunnum  0
     -socket  49161

Fri Jul 29 11:56:44 2022


 Elaboration Time: 0.046875 sec

 Current Memory Usage: 669.553 Meg

 Total Signals          : 10
 Total Nets             : 13
 Total Signal Drivers   : 4
 Total Blocks           : 6
 Total Primitive Blocks : 4
 Total Processes        : 4
 Total Traceable Variables  : 11
 Total Scalar Nets and Variables : 392
Total Line Count : 25

 Total Simulation Time: 0.078125 sec

 Current Memory Usage: 669.553 Meg

Fri Jul 29 13:13:02 2022

