Running: C:\Xilinx\14.7\ISE_DS\ISE\bin\nt64\unwrapped\fuse.exe -intstyle ise -incremental -o C:/Users/Hilary Calva Camacho/Desktop/PROYECTOS VHDL/GeneracionComponentes/TB_ProyectoContador_isim_beh.exe -prj C:/Users/Hilary Calva Camacho/Desktop/PROYECTOS VHDL/GeneracionComponentes/TB_ProyectoContador_beh.prj work.TB_ProyectoContador 
ISim P.20131013 (signature 0x7708f090)
Number of CPUs detected in this system: 1
Turning on mult-threading, number of parallel sub-compilation jobs: 0 
Determining compilation order of HDL files
Parsing VHDL file "C:/Users/Hilary Calva Camacho/Desktop/PROYECTOS VHDL/GeneracionComponentes/Contador.vhd" into library work
Parsing VHDL file "C:/Users/Hilary Calva Camacho/Desktop/PROYECTOS VHDL/GeneracionComponentes/ProyectoContador.vhd" into library work
Parsing VHDL file "C:/Users/Hilary Calva Camacho/Desktop/PROYECTOS VHDL/GeneracionComponentes/TB_ProyectoContador.vhd" into library work
Starting static elaboration
Completed static elaboration
Compiling package standard
Compiling package std_logic_1164
Compiling package std_logic_arith
Compiling package std_logic_unsigned
Compiling architecture behavioral of entity Contador [contador_default]
Compiling architecture behavioral of entity ProyectoContador [proyectocontador_default]
Compiling architecture behavior of entity tb_proyectocontador
Time Resolution for simulation is 1ps.
Compiled 9 VHDL Units
Built simulation executable C:/Users/Hilary Calva Camacho/Desktop/PROYECTOS VHDL/GeneracionComponentes/TB_ProyectoContador_isim_beh.exe
Fuse Memory Usage: 32976 KB
Fuse CPU Usage: 640 ms
